2025-05-15 20:52:50 - Error: [2] Undefined variable $is_admin in C:\xampp\htdocs\glenncrm\pages\leads.php on line 164
2025-05-15 20:52:50 - Error: [2] Undefined variable $is_admin in C:\xampp\htdocs\glenncrm\pages\leads.php on line 169
2025-05-15 20:52:51 - Error: [2] include(pages/interactions.php): Failed to open stream: No such file or directory in C:\xampp\htdocs\glenncrm\index.php on line 113
2025-05-15 20:52:51 - Error: [2] include(): Failed opening 'pages/interactions.php' for inclusion (include_path='C:\xampp\php\PEAR') in C:\xampp\htdocs\glenncrm\index.php on line 113
2025-05-15 20:52:53 - Error: [2] include(pages/reminders.php): Failed to open stream: No such file or directory in C:\xampp\htdocs\glenncrm\index.php on line 113
2025-05-15 20:52:53 - Error: [2] include(): Failed opening 'pages/reminders.php' for inclusion (include_path='C:\xampp\php\PEAR') in C:\xampp\htdocs\glenncrm\index.php on line 113
2025-05-15 20:53:06 - Error: [2] include(pages/users.php): Failed to open stream: No such file or directory in C:\xampp\htdocs\glenncrm\index.php on line 113
2025-05-15 20:53:06 - Error: [2] include(): Failed opening 'pages/users.php' for inclusion (include_path='C:\xampp\php\PEAR') in C:\xampp\htdocs\glenncrm\index.php on line 113
2025-05-15 20:53:08 - Error: [2] include(pages/settings.php): Failed to open stream: No such file or directory in C:\xampp\htdocs\glenncrm\index.php on line 113
2025-05-15 20:53:08 - Error: [2] include(): Failed opening 'pages/settings.php' for inclusion (include_path='C:\xampp\php\PEAR') in C:\xampp\htdocs\glenncrm\index.php on line 113
2025-05-15 20:53:09 - Error: [2] include(pages/settings.php): Failed to open stream: No such file or directory in C:\xampp\htdocs\glenncrm\index.php on line 113
2025-05-15 20:53:09 - Error: [2] include(): Failed opening 'pages/settings.php' for inclusion (include_path='C:\xampp\php\PEAR') in C:\xampp\htdocs\glenncrm\index.php on line 113
2025-05-15 20:53:10 - Error: [2] include(pages/users.php): Failed to open stream: No such file or directory in C:\xampp\htdocs\glenncrm\index.php on line 113
2025-05-15 20:53:10 - Error: [2] include(): Failed opening 'pages/users.php' for inclusion (include_path='C:\xampp\php\PEAR') in C:\xampp\htdocs\glenncrm\index.php on line 113
2025-05-15 20:53:11 - Error: [2] include(pages/users.php): Failed to open stream: No such file or directory in C:\xampp\htdocs\glenncrm\index.php on line 113
2025-05-15 20:53:11 - Error: [2] include(): Failed opening 'pages/users.php' for inclusion (include_path='C:\xampp\php\PEAR') in C:\xampp\htdocs\glenncrm\index.php on line 113
2025-05-15 20:53:13 - Error: [2] include(pages/settings.php): Failed to open stream: No such file or directory in C:\xampp\htdocs\glenncrm\index.php on line 113
2025-05-15 20:53:13 - Error: [2] include(): Failed opening 'pages/settings.php' for inclusion (include_path='C:\xampp\php\PEAR') in C:\xampp\htdocs\glenncrm\index.php on line 113
2025-05-15 20:53:14 - Error: [2] include(pages/users.php): Failed to open stream: No such file or directory in C:\xampp\htdocs\glenncrm\index.php on line 113
2025-05-15 20:53:14 - Error: [2] include(): Failed opening 'pages/users.php' for inclusion (include_path='C:\xampp\php\PEAR') in C:\xampp\htdocs\glenncrm\index.php on line 113
2025-05-15 20:53:34 - Error: [2] Undefined variable $is_admin in C:\xampp\htdocs\glenncrm\pages\leads.php on line 164
2025-05-15 20:53:34 - Error: [2] Undefined variable $is_admin in C:\xampp\htdocs\glenncrm\pages\leads.php on line 169
2025-05-15 20:53:38 - Error: [2] include(leads/add.php): Failed to open stream: No such file or directory in C:\xampp\htdocs\glenncrm\pages\leads.php on line 19
2025-05-15 20:53:38 - Error: [2] include(): Failed opening 'leads/add.php' for inclusion (include_path='C:\xampp\php\PEAR') in C:\xampp\htdocs\glenncrm\pages\leads.php on line 19
2025-05-15 20:53:41 - Error: [2] Undefined variable $is_admin in C:\xampp\htdocs\glenncrm\pages\leads.php on line 164
2025-05-15 20:53:41 - Error: [2] Undefined variable $is_admin in C:\xampp\htdocs\glenncrm\pages\leads.php on line 169
2025-05-15 20:53:42 - Error: [2] include(leads/add.php): Failed to open stream: No such file or directory in C:\xampp\htdocs\glenncrm\pages\leads.php on line 19
2025-05-15 20:53:42 - Error: [2] include(): Failed opening 'leads/add.php' for inclusion (include_path='C:\xampp\php\PEAR') in C:\xampp\htdocs\glenncrm\pages\leads.php on line 19
2025-05-15 20:53:44 - Error: [2] Undefined variable $is_admin in C:\xampp\htdocs\glenncrm\pages\leads.php on line 164
2025-05-15 20:53:44 - Error: [2] Undefined variable $is_admin in C:\xampp\htdocs\glenncrm\pages\leads.php on line 169
2025-05-15 20:53:46 - Error: [2] include(leads/add.php): Failed to open stream: No such file or directory in C:\xampp\htdocs\glenncrm\pages\leads.php on line 19
2025-05-15 20:53:46 - Error: [2] include(): Failed opening 'leads/add.php' for inclusion (include_path='C:\xampp\php\PEAR') in C:\xampp\htdocs\glenncrm\pages\leads.php on line 19
2025-05-15 20:53:47 - Error: [2] Undefined variable $is_admin in C:\xampp\htdocs\glenncrm\pages\leads.php on line 164
2025-05-15 20:53:47 - Error: [2] Undefined variable $is_admin in C:\xampp\htdocs\glenncrm\pages\leads.php on line 169
2025-05-15 20:53:49 - Error: [2] include(pages/reminders.php): Failed to open stream: No such file or directory in C:\xampp\htdocs\glenncrm\index.php on line 113
2025-05-15 20:53:49 - Error: [2] include(): Failed opening 'pages/reminders.php' for inclusion (include_path='C:\xampp\php\PEAR') in C:\xampp\htdocs\glenncrm\index.php on line 113
2025-05-15 20:54:01 - Error: [2] include(pages/users.php): Failed to open stream: No such file or directory in C:\xampp\htdocs\glenncrm\index.php on line 113
2025-05-15 20:54:01 - Error: [2] include(): Failed opening 'pages/users.php' for inclusion (include_path='C:\xampp\php\PEAR') in C:\xampp\htdocs\glenncrm\index.php on line 113
2025-05-15 20:54:02 - Error: [2] include(pages/settings.php): Failed to open stream: No such file or directory in C:\xampp\htdocs\glenncrm\index.php on line 113
2025-05-15 20:54:02 - Error: [2] include(): Failed opening 'pages/settings.php' for inclusion (include_path='C:\xampp\php\PEAR') in C:\xampp\htdocs\glenncrm\index.php on line 113
2025-05-15 20:54:06 - Error: [2] Undefined variable $is_admin in C:\xampp\htdocs\glenncrm\pages\leads.php on line 164
2025-05-15 20:54:06 - Error: [2] Undefined variable $is_admin in C:\xampp\htdocs\glenncrm\pages\leads.php on line 169
2025-05-15 20:54:06 - Error: [2] include(pages/sales.php): Failed to open stream: No such file or directory in C:\xampp\htdocs\glenncrm\index.php on line 113
2025-05-15 20:54:06 - Error: [2] include(): Failed opening 'pages/sales.php' for inclusion (include_path='C:\xampp\php\PEAR') in C:\xampp\htdocs\glenncrm\index.php on line 113
2025-05-15 20:54:07 - Error: [2] include(pages/interactions.php): Failed to open stream: No such file or directory in C:\xampp\htdocs\glenncrm\index.php on line 113
2025-05-15 20:54:07 - Error: [2] include(): Failed opening 'pages/interactions.php' for inclusion (include_path='C:\xampp\php\PEAR') in C:\xampp\htdocs\glenncrm\index.php on line 113
2025-05-15 20:54:08 - Error: [2] include(pages/reminders.php): Failed to open stream: No such file or directory in C:\xampp\htdocs\glenncrm\index.php on line 113
2025-05-15 20:54:08 - Error: [2] include(): Failed opening 'pages/reminders.php' for inclusion (include_path='C:\xampp\php\PEAR') in C:\xampp\htdocs\glenncrm\index.php on line 113
2025-05-15 20:54:11 - Error: [2] include(pages/reminders.php): Failed to open stream: No such file or directory in C:\xampp\htdocs\glenncrm\index.php on line 113
2025-05-15 20:54:11 - Error: [2] include(): Failed opening 'pages/reminders.php' for inclusion (include_path='C:\xampp\php\PEAR') in C:\xampp\htdocs\glenncrm\index.php on line 113
2025-05-15 20:54:13 - Error: [2] include(pages/sales.php): Failed to open stream: No such file or directory in C:\xampp\htdocs\glenncrm\index.php on line 113
2025-05-15 20:54:13 - Error: [2] include(): Failed opening 'pages/sales.php' for inclusion (include_path='C:\xampp\php\PEAR') in C:\xampp\htdocs\glenncrm\index.php on line 113
2025-05-15 20:54:15 - Error: [2] Undefined variable $is_admin in C:\xampp\htdocs\glenncrm\pages\leads.php on line 164
2025-05-15 20:54:15 - Error: [2] Undefined variable $is_admin in C:\xampp\htdocs\glenncrm\pages\leads.php on line 169
2025-05-15 20:54:54 - Error: [2] Undefined variable $is_admin in C:\xampp\htdocs\glenncrm\pages\leads.php on line 164
2025-05-15 20:54:54 - Error: [2] Undefined variable $is_admin in C:\xampp\htdocs\glenncrm\pages\leads.php on line 169
2025-05-15 20:54:56 - Error: [2] include(leads/add.php): Failed to open stream: No such file or directory in C:\xampp\htdocs\glenncrm\pages\leads.php on line 19
2025-05-15 20:54:56 - Error: [2] include(): Failed opening 'leads/add.php' for inclusion (include_path='C:\xampp\php\PEAR') in C:\xampp\htdocs\glenncrm\pages\leads.php on line 19
2025-05-15 21:27:15 - Error: [2] include(pages/users.php): Failed to open stream: No such file or directory in C:\xampp\htdocs\glenncrm\index.php on line 113
2025-05-15 21:27:15 - Error: [2] include(): Failed opening 'pages/users.php' for inclusion (include_path='C:\xampp\php\PEAR') in C:\xampp\htdocs\glenncrm\index.php on line 113
2025-05-15 21:27:29 - Error: [2] include(pages/settings.php): Failed to open stream: No such file or directory in C:\xampp\htdocs\glenncrm\index.php on line 113
2025-05-15 21:27:29 - Error: [2] include(): Failed opening 'pages/settings.php' for inclusion (include_path='C:\xampp\php\PEAR') in C:\xampp\htdocs\glenncrm\index.php on line 113
2025-05-15 21:28:49 - Error: [2] include(pages/sales.php): Failed to open stream: No such file or directory in C:\xampp\htdocs\glenncrm\index.php on line 113
2025-05-15 21:28:49 - Error: [2] include(): Failed opening 'pages/sales.php' for inclusion (include_path='C:\xampp\php\PEAR') in C:\xampp\htdocs\glenncrm\index.php on line 113
2025-05-15 21:28:50 - Error: [2] Undefined variable $is_admin in C:\xampp\htdocs\glenncrm\pages\leads.php on line 164
2025-05-15 21:28:50 - Error: [2] Undefined variable $is_admin in C:\xampp\htdocs\glenncrm\pages\leads.php on line 169
2025-05-15 21:29:02 - Error: [2] include(pages/sales.php): Failed to open stream: No such file or directory in C:\xampp\htdocs\glenncrm\index.php on line 113
2025-05-15 21:29:02 - Error: [2] include(): Failed opening 'pages/sales.php' for inclusion (include_path='C:\xampp\php\PEAR') in C:\xampp\htdocs\glenncrm\index.php on line 113
2025-05-15 21:29:02 - Error: [2] Undefined variable $is_admin in C:\xampp\htdocs\glenncrm\pages\leads.php on line 164
2025-05-15 21:29:02 - Error: [2] Undefined variable $is_admin in C:\xampp\htdocs\glenncrm\pages\leads.php on line 169
2025-05-15 21:29:08 - Error: [2] include(pages/sales.php): Failed to open stream: No such file or directory in C:\xampp\htdocs\glenncrm\index.php on line 113
2025-05-15 21:29:08 - Error: [2] include(): Failed opening 'pages/sales.php' for inclusion (include_path='C:\xampp\php\PEAR') in C:\xampp\htdocs\glenncrm\index.php on line 113
2025-05-15 21:29:20 - Error: [2] include(pages/users.php): Failed to open stream: No such file or directory in C:\xampp\htdocs\glenncrm\index.php on line 113
2025-05-15 21:29:20 - Error: [2] include(): Failed opening 'pages/users.php' for inclusion (include_path='C:\xampp\php\PEAR') in C:\xampp\htdocs\glenncrm\index.php on line 113
2025-05-15 21:29:30 - Error: [2] include(pages/users.php): Failed to open stream: No such file or directory in C:\xampp\htdocs\glenncrm\index.php on line 113
2025-05-15 21:29:30 - Error: [2] include(): Failed opening 'pages/users.php' for inclusion (include_path='C:\xampp\php\PEAR') in C:\xampp\htdocs\glenncrm\index.php on line 113
2025-05-15 21:29:33 - Error: [2] include(pages/settings.php): Failed to open stream: No such file or directory in C:\xampp\htdocs\glenncrm\index.php on line 113
2025-05-15 21:29:33 - Error: [2] include(): Failed opening 'pages/settings.php' for inclusion (include_path='C:\xampp\php\PEAR') in C:\xampp\htdocs\glenncrm\index.php on line 113
2025-05-15 21:29:34 - Error: [2] include(pages/users.php): Failed to open stream: No such file or directory in C:\xampp\htdocs\glenncrm\index.php on line 113
2025-05-15 21:29:34 - Error: [2] include(): Failed opening 'pages/users.php' for inclusion (include_path='C:\xampp\php\PEAR') in C:\xampp\htdocs\glenncrm\index.php on line 113
2025-05-15 21:29:37 - Error: [2] include(pages/sales.php): Failed to open stream: No such file or directory in C:\xampp\htdocs\glenncrm\index.php on line 113
2025-05-15 21:29:37 - Error: [2] include(): Failed opening 'pages/sales.php' for inclusion (include_path='C:\xampp\php\PEAR') in C:\xampp\htdocs\glenncrm\index.php on line 113
2025-05-15 21:36:23 - Error: [2] include(pages/reminders.php): Failed to open stream: No such file or directory in C:\xampp\htdocs\glenncrm\index.php on line 113
2025-05-15 21:36:23 - Error: [2] include(): Failed opening 'pages/reminders.php' for inclusion (include_path='C:\xampp\php\PEAR') in C:\xampp\htdocs\glenncrm\index.php on line 113
2025-05-15 21:36:25 - Error: [2] Undefined variable $is_admin in C:\xampp\htdocs\glenncrm\pages\leads.php on line 164
2025-05-15 21:36:25 - Error: [2] Undefined variable $is_admin in C:\xampp\htdocs\glenncrm\pages\leads.php on line 169
2025-05-15 21:48:53 - Error: [2] Undefined variable $is_admin in C:\xampp\htdocs\glenncrm\pages\leads.php on line 164
2025-05-15 21:48:53 - Error: [2] Undefined variable $is_admin in C:\xampp\htdocs\glenncrm\pages\leads.php on line 169
2025-05-15 21:49:04 - Error: [2] Undefined variable $is_admin in C:\xampp\htdocs\glenncrm\pages\leads.php on line 164
2025-05-15 21:49:04 - Error: [2] Undefined variable $is_admin in C:\xampp\htdocs\glenncrm\pages\leads.php on line 169
2025-05-15 21:49:07 - Error: [2] include(pages/interactions.php): Failed to open stream: No such file or directory in C:\xampp\htdocs\glenncrm\index.php on line 113
2025-05-15 21:49:07 - Error: [2] include(): Failed opening 'pages/interactions.php' for inclusion (include_path='C:\xampp\php\PEAR') in C:\xampp\htdocs\glenncrm\index.php on line 113
2025-05-15 21:49:07 - Error: [2] include(pages/reminders.php): Failed to open stream: No such file or directory in C:\xampp\htdocs\glenncrm\index.php on line 113
2025-05-15 21:49:07 - Error: [2] include(): Failed opening 'pages/reminders.php' for inclusion (include_path='C:\xampp\php\PEAR') in C:\xampp\htdocs\glenncrm\index.php on line 113
2025-05-15 21:49:08 - Error: [2] include(pages/reminders.php): Failed to open stream: No such file or directory in C:\xampp\htdocs\glenncrm\index.php on line 113
2025-05-15 21:49:08 - Error: [2] include(): Failed opening 'pages/reminders.php' for inclusion (include_path='C:\xampp\php\PEAR') in C:\xampp\htdocs\glenncrm\index.php on line 113
2025-05-15 21:52:36 - Error: [2] include(pages/reminders.php): Failed to open stream: No such file or directory in C:\xampp\htdocs\glenncrm\index.php on line 113
2025-05-15 21:52:36 - Error: [2] include(): Failed opening 'pages/reminders.php' for inclusion (include_path='C:\xampp\php\PEAR') in C:\xampp\htdocs\glenncrm\index.php on line 113
2025-05-15 21:52:37 - Error: [2] include(pages/interactions.php): Failed to open stream: No such file or directory in C:\xampp\htdocs\glenncrm\index.php on line 113
2025-05-15 21:52:37 - Error: [2] include(): Failed opening 'pages/interactions.php' for inclusion (include_path='C:\xampp\php\PEAR') in C:\xampp\htdocs\glenncrm\index.php on line 113
2025-05-15 21:52:38 - Error: [2] Undefined variable $is_admin in C:\xampp\htdocs\glenncrm\pages\leads.php on line 164
2025-05-15 21:52:38 - Error: [2] Undefined variable $is_admin in C:\xampp\htdocs\glenncrm\pages\leads.php on line 169
2025-05-15 21:52:42 - Error: [2] include(pages/reminders.php): Failed to open stream: No such file or directory in C:\xampp\htdocs\glenncrm\index.php on line 113
2025-05-15 21:52:42 - Error: [2] include(): Failed opening 'pages/reminders.php' for inclusion (include_path='C:\xampp\php\PEAR') in C:\xampp\htdocs\glenncrm\index.php on line 113
2025-05-15 21:52:48 - Error: [2] include(pages/reminders.php): Failed to open stream: No such file or directory in C:\xampp\htdocs\glenncrm\index.php on line 113
2025-05-15 21:52:48 - Error: [2] include(): Failed opening 'pages/reminders.php' for inclusion (include_path='C:\xampp\php\PEAR') in C:\xampp\htdocs\glenncrm\index.php on line 113
2025-05-15 21:56:53 - Error: [2] Undefined variable $is_admin in C:\xampp\htdocs\glenncrm\pages\leads.php on line 164
2025-05-15 21:56:53 - Error: [2] Undefined variable $is_admin in C:\xampp\htdocs\glenncrm\pages\leads.php on line 169
2025-05-15 21:56:56 - Error: [2] include(pages/users.php): Failed to open stream: No such file or directory in C:\xampp\htdocs\glenncrm\index.php on line 113
2025-05-15 21:56:56 - Error: [2] include(): Failed opening 'pages/users.php' for inclusion (include_path='C:\xampp\php\PEAR') in C:\xampp\htdocs\glenncrm\index.php on line 113
2025-05-15 21:56:57 - Error: [2] include(pages/settings.php): Failed to open stream: No such file or directory in C:\xampp\htdocs\glenncrm\index.php on line 113
2025-05-15 21:56:57 - Error: [2] include(): Failed opening 'pages/settings.php' for inclusion (include_path='C:\xampp\php\PEAR') in C:\xampp\htdocs\glenncrm\index.php on line 113
2025-05-15 21:56:59 - Error: [2] include(pages/users.php): Failed to open stream: No such file or directory in C:\xampp\htdocs\glenncrm\index.php on line 113
2025-05-15 21:56:59 - Error: [2] include(): Failed opening 'pages/users.php' for inclusion (include_path='C:\xampp\php\PEAR') in C:\xampp\htdocs\glenncrm\index.php on line 113
2025-05-15 21:57:00 - Error: [2] include(pages/settings.php): Failed to open stream: No such file or directory in C:\xampp\htdocs\glenncrm\index.php on line 113
2025-05-15 21:57:00 - Error: [2] include(): Failed opening 'pages/settings.php' for inclusion (include_path='C:\xampp\php\PEAR') in C:\xampp\htdocs\glenncrm\index.php on line 113
2025-05-15 21:57:04 - Error: [2] include(pages/interactions.php): Failed to open stream: No such file or directory in C:\xampp\htdocs\glenncrm\index.php on line 113
2025-05-15 21:57:04 - Error: [2] include(): Failed opening 'pages/interactions.php' for inclusion (include_path='C:\xampp\php\PEAR') in C:\xampp\htdocs\glenncrm\index.php on line 113
2025-05-15 21:57:05 - Error: [2] include(pages/interactions.php): Failed to open stream: No such file or directory in C:\xampp\htdocs\glenncrm\index.php on line 113
2025-05-15 21:57:05 - Error: [2] include(): Failed opening 'pages/interactions.php' for inclusion (include_path='C:\xampp\php\PEAR') in C:\xampp\htdocs\glenncrm\index.php on line 113
2025-05-15 21:57:10 - Error: [2] include(reminders/add.php): Failed to open stream: No such file or directory in C:\xampp\htdocs\glenncrm\pages\reminders.php on line 13
2025-05-15 21:57:10 - Error: [2] include(): Failed opening 'reminders/add.php' for inclusion (include_path='C:\xampp\php\PEAR') in C:\xampp\htdocs\glenncrm\pages\reminders.php on line 13
2025-05-15 22:00:15 - Error: [2] Undefined variable $is_admin in C:\xampp\htdocs\glenncrm\pages\leads.php on line 164
2025-05-15 22:00:15 - Error: [2] Undefined variable $is_admin in C:\xampp\htdocs\glenncrm\pages\leads.php on line 169
2025-05-15 22:00:17 - Error: [2] include(pages/interactions.php): Failed to open stream: No such file or directory in C:\xampp\htdocs\glenncrm\index.php on line 113
2025-05-15 22:00:17 - Error: [2] include(): Failed opening 'pages/interactions.php' for inclusion (include_path='C:\xampp\php\PEAR') in C:\xampp\htdocs\glenncrm\index.php on line 113
2025-05-15 22:00:21 - Error: [2] include(pages/users.php): Failed to open stream: No such file or directory in C:\xampp\htdocs\glenncrm\index.php on line 113
2025-05-15 22:00:21 - Error: [2] include(): Failed opening 'pages/users.php' for inclusion (include_path='C:\xampp\php\PEAR') in C:\xampp\htdocs\glenncrm\index.php on line 113
2025-05-15 22:00:21 - Error: [2] include(pages/settings.php): Failed to open stream: No such file or directory in C:\xampp\htdocs\glenncrm\index.php on line 113
2025-05-15 22:00:21 - Error: [2] include(): Failed opening 'pages/settings.php' for inclusion (include_path='C:\xampp\php\PEAR') in C:\xampp\htdocs\glenncrm\index.php on line 113
2025-05-15 22:00:27 - Error: [2] include(leads/add.php): Failed to open stream: No such file or directory in C:\xampp\htdocs\glenncrm\pages\leads.php on line 19
2025-05-15 22:00:27 - Error: [2] include(): Failed opening 'leads/add.php' for inclusion (include_path='C:\xampp\php\PEAR') in C:\xampp\htdocs\glenncrm\pages\leads.php on line 19
2025-05-15 22:00:30 - Error: [2] include(leads/add.php): Failed to open stream: No such file or directory in C:\xampp\htdocs\glenncrm\pages\leads.php on line 19
2025-05-15 22:00:30 - Error: [2] include(): Failed opening 'leads/add.php' for inclusion (include_path='C:\xampp\php\PEAR') in C:\xampp\htdocs\glenncrm\pages\leads.php on line 19
2025-05-15 22:03:53 - Error: [2] include(pages/interactions.php): Failed to open stream: No such file or directory in C:\xampp\htdocs\glenncrm\index.php on line 113
2025-05-15 22:03:53 - Error: [2] include(): Failed opening 'pages/interactions.php' for inclusion (include_path='C:\xampp\php\PEAR') in C:\xampp\htdocs\glenncrm\index.php on line 113
2025-05-15 22:03:57 - Error: [2] include(pages/interactions.php): Failed to open stream: No such file or directory in C:\xampp\htdocs\glenncrm\index.php on line 113
2025-05-15 22:03:57 - Error: [2] include(): Failed opening 'pages/interactions.php' for inclusion (include_path='C:\xampp\php\PEAR') in C:\xampp\htdocs\glenncrm\index.php on line 113
2025-05-15 22:04:09 - Error: [2] include(pages/interactions.php): Failed to open stream: No such file or directory in C:\xampp\htdocs\glenncrm\index.php on line 113
2025-05-15 22:04:09 - Error: [2] include(): Failed opening 'pages/interactions.php' for inclusion (include_path='C:\xampp\php\PEAR') in C:\xampp\htdocs\glenncrm\index.php on line 113
2025-05-15 22:04:09 - Error: [2] include(pages/interactions.php): Failed to open stream: No such file or directory in C:\xampp\htdocs\glenncrm\index.php on line 113
2025-05-15 22:04:09 - Error: [2] include(): Failed opening 'pages/interactions.php' for inclusion (include_path='C:\xampp\php\PEAR') in C:\xampp\htdocs\glenncrm\index.php on line 113
2025-05-15 22:06:57 - Error: [2] include(interactions/add.php): Failed to open stream: No such file or directory in C:\xampp\htdocs\glenncrm\pages\interactions.php on line 17
2025-05-15 22:06:57 - Error: [2] include(): Failed opening 'interactions/add.php' for inclusion (include_path='C:\xampp\php\PEAR') in C:\xampp\htdocs\glenncrm\pages\interactions.php on line 17
2025-05-15 22:08:31 - Error: [2] include(pages/settings.php): Failed to open stream: No such file or directory in C:\xampp\htdocs\glenncrm\index.php on line 113
2025-05-15 22:08:31 - Error: [2] include(): Failed opening 'pages/settings.php' for inclusion (include_path='C:\xampp\php\PEAR') in C:\xampp\htdocs\glenncrm\index.php on line 113
2025-05-15 22:08:32 - Error: [2] include(pages/users.php): Failed to open stream: No such file or directory in C:\xampp\htdocs\glenncrm\index.php on line 113
2025-05-15 22:08:32 - Error: [2] include(): Failed opening 'pages/users.php' for inclusion (include_path='C:\xampp\php\PEAR') in C:\xampp\htdocs\glenncrm\index.php on line 113
2025-05-15 22:08:36 - Error: [2] include(pages/settings.php): Failed to open stream: No such file or directory in C:\xampp\htdocs\glenncrm\index.php on line 113
2025-05-15 22:08:36 - Error: [2] include(): Failed opening 'pages/settings.php' for inclusion (include_path='C:\xampp\php\PEAR') in C:\xampp\htdocs\glenncrm\index.php on line 113
2025-05-15 22:24:26 - Error: [2] include(pages/settings.php): Failed to open stream: No such file or directory in C:\xampp\htdocs\glenncrm\index.php on line 113
2025-05-15 22:24:26 - Error: [2] include(): Failed opening 'pages/settings.php' for inclusion (include_path='C:\xampp\php\PEAR') in C:\xampp\htdocs\glenncrm\index.php on line 113
2025-05-15 22:24:29 - Error: [2] include(pages/settings.php): Failed to open stream: No such file or directory in C:\xampp\htdocs\glenncrm\index.php on line 113
2025-05-15 22:24:29 - Error: [2] include(): Failed opening 'pages/settings.php' for inclusion (include_path='C:\xampp\php\PEAR') in C:\xampp\htdocs\glenncrm\index.php on line 113
2025-05-15 22:31:21 - Error: [2] include(pages/settings.php): Failed to open stream: No such file or directory in C:\xampp\htdocs\glenncrm\index.php on line 113
2025-05-15 22:31:21 - Error: [2] include(): Failed opening 'pages/settings.php' for inclusion (include_path='C:\xampp\php\PEAR') in C:\xampp\htdocs\glenncrm\index.php on line 113
2025-05-15 22:32:35 - Error: [2] include(leads/add.php): Failed to open stream: No such file or directory in C:\xampp\htdocs\glenncrm\pages\leads.php on line 19
2025-05-15 22:32:35 - Error: [2] include(): Failed opening 'leads/add.php' for inclusion (include_path='C:\xampp\php\PEAR') in C:\xampp\htdocs\glenncrm\pages\leads.php on line 19
2025-05-15 22:32:36 - Error: [2] include(leads/add.php): Failed to open stream: No such file or directory in C:\xampp\htdocs\glenncrm\pages\leads.php on line 19
2025-05-15 22:32:36 - Error: [2] include(): Failed opening 'leads/add.php' for inclusion (include_path='C:\xampp\php\PEAR') in C:\xampp\htdocs\glenncrm\pages\leads.php on line 19
2025-05-15 22:32:40 - Error: [2] Undefined variable $is_admin in C:\xampp\htdocs\glenncrm\pages\leads.php on line 164
2025-05-15 22:32:40 - Error: [2] Undefined variable $is_admin in C:\xampp\htdocs\glenncrm\pages\leads.php on line 169
2025-05-15 22:32:41 - Error: [2] include(leads/add.php): Failed to open stream: No such file or directory in C:\xampp\htdocs\glenncrm\pages\leads.php on line 19
2025-05-15 22:32:41 - Error: [2] include(): Failed opening 'leads/add.php' for inclusion (include_path='C:\xampp\php\PEAR') in C:\xampp\htdocs\glenncrm\pages\leads.php on line 19
2025-05-15 22:32:43 - Error: [2] include(leads/add.php): Failed to open stream: No such file or directory in C:\xampp\htdocs\glenncrm\pages\leads.php on line 19
2025-05-15 22:32:43 - Error: [2] include(): Failed opening 'leads/add.php' for inclusion (include_path='C:\xampp\php\PEAR') in C:\xampp\htdocs\glenncrm\pages\leads.php on line 19
2025-05-15 22:32:46 - Error: [2] include(leads/add.php): Failed to open stream: No such file or directory in C:\xampp\htdocs\glenncrm\pages\leads.php on line 19
2025-05-15 22:32:46 - Error: [2] include(): Failed opening 'leads/add.php' for inclusion (include_path='C:\xampp\php\PEAR') in C:\xampp\htdocs\glenncrm\pages\leads.php on line 19
2025-05-15 22:32:48 - Error: [2] include(pages/settings.php): Failed to open stream: No such file or directory in C:\xampp\htdocs\glenncrm\index.php on line 113
2025-05-15 22:32:48 - Error: [2] include(): Failed opening 'pages/settings.php' for inclusion (include_path='C:\xampp\php\PEAR') in C:\xampp\htdocs\glenncrm\index.php on line 113
2025-05-15 22:38:29 - Error: [2] include(pages/settings.php): Failed to open stream: No such file or directory in C:\xampp\htdocs\glenncrm\index.php on line 113
2025-05-15 22:38:29 - Error: [2] include(): Failed opening 'pages/settings.php' for inclusion (include_path='C:\xampp\php\PEAR') in C:\xampp\htdocs\glenncrm\index.php on line 113
2025-05-15 22:38:32 - Error: [2] include(pages/settings.php): Failed to open stream: No such file or directory in C:\xampp\htdocs\glenncrm\index.php on line 113
2025-05-15 22:38:32 - Error: [2] include(): Failed opening 'pages/settings.php' for inclusion (include_path='C:\xampp\php\PEAR') in C:\xampp\htdocs\glenncrm\index.php on line 113
2025-05-15 22:58:49 - Error: [2] Undefined variable $is_admin in C:\xampp\htdocs\glenncrm\pages\leads.php on line 164
2025-05-15 22:58:49 - Error: [2] Undefined variable $is_admin in C:\xampp\htdocs\glenncrm\pages\leads.php on line 169
2025-05-15 23:11:27 - Error: [2] Cannot modify header information - headers already sent by (output started at C:\xampp\htdocs\glenncrm\includes\sidebar.php:4) in C:\xampp\htdocs\glenncrm\pages\settings.php on line 204
2025-05-15 23:27:01 - Error: [2] Cannot modify header information - headers already sent by (output started at C:\xampp\htdocs\glenncrm\includes\sidebar.php:4) in C:\xampp\htdocs\glenncrm\pages\settings.php on line 204
2025-05-15 23:27:10 - Error: [2] Cannot modify header information - headers already sent by (output started at C:\xampp\htdocs\glenncrm\includes\sidebar.php:4) in C:\xampp\htdocs\glenncrm\pages\settings.php on line 204
2025-05-15 23:28:09 - Error: [2] Cannot modify header information - headers already sent by (output started at C:\xampp\htdocs\glenncrm\includes\sidebar.php:4) in C:\xampp\htdocs\glenncrm\pages\settings.php on line 204
2025-05-15 23:28:24 - Error: [2] Cannot modify header information - headers already sent by (output started at C:\xampp\htdocs\glenncrm\includes\sidebar.php:4) in C:\xampp\htdocs\glenncrm\pages\settings.php on line 204
2025-05-15 23:28:32 - Error: [2] Cannot modify header information - headers already sent by (output started at C:\xampp\htdocs\glenncrm\includes\sidebar.php:4) in C:\xampp\htdocs\glenncrm\pages\settings.php on line 204
2025-05-15 23:29:11 - Error: [2] Cannot modify header information - headers already sent by (output started at C:\xampp\htdocs\glenncrm\includes\sidebar.php:4) in C:\xampp\htdocs\glenncrm\pages\settings.php on line 204
2025-05-15 23:29:19 - Error: [2] Cannot modify header information - headers already sent by (output started at C:\xampp\htdocs\glenncrm\includes\sidebar.php:4) in C:\xampp\htdocs\glenncrm\pages\settings.php on line 204
2025-05-15 23:31:24 - Error: [2] Undefined variable $is_admin in C:\xampp\htdocs\glenncrm\pages\leads.php on line 164
2025-05-15 23:31:24 - Error: [2] Undefined variable $is_admin in C:\xampp\htdocs\glenncrm\pages\leads.php on line 169
2025-05-15 23:31:48 - Error: [2] Cannot modify header information - headers already sent by (output started at C:\xampp\htdocs\glenncrm\includes\sidebar.php:4) in C:\xampp\htdocs\glenncrm\pages\settings.php on line 204
2025-05-15 23:31:56 - Error: [2] Cannot modify header information - headers already sent by (output started at C:\xampp\htdocs\glenncrm\includes\sidebar.php:4) in C:\xampp\htdocs\glenncrm\pages\settings.php on line 204
2025-05-15 23:32:14 - Error: [2] Cannot modify header information - headers already sent by (output started at C:\xampp\htdocs\glenncrm\includes\sidebar.php:4) in C:\xampp\htdocs\glenncrm\pages\settings.php on line 204
2025-05-15 23:32:17 - Error: [2] Cannot modify header information - headers already sent by (output started at C:\xampp\htdocs\glenncrm\includes\sidebar.php:4) in C:\xampp\htdocs\glenncrm\pages\settings.php on line 204
2025-05-15 23:32:19 - Error: [2] Cannot modify header information - headers already sent by (output started at C:\xampp\htdocs\glenncrm\includes\sidebar.php:4) in C:\xampp\htdocs\glenncrm\pages\settings.php on line 204
2025-05-15 23:34:38 - Error: [2] Cannot modify header information - headers already sent by (output started at C:\xampp\htdocs\glenncrm\includes\sidebar.php:4) in C:\xampp\htdocs\glenncrm\pages\settings.php on line 204
2025-05-15 23:36:35 - Error: [2] Cannot modify header information - headers already sent by (output started at C:\xampp\htdocs\glenncrm\includes\sidebar.php:4) in C:\xampp\htdocs\glenncrm\pages\settings.php on line 209
2025-05-15 23:36:40 - Error: [2] Cannot modify header information - headers already sent by (output started at C:\xampp\htdocs\glenncrm\includes\sidebar.php:4) in C:\xampp\htdocs\glenncrm\pages\settings.php on line 209
2025-05-15 23:38:31 - Error: [2] Cannot modify header information - headers already sent by (output started at C:\xampp\htdocs\glenncrm\includes\sidebar.php:4) in C:\xampp\htdocs\glenncrm\pages\settings.php on line 202
2025-05-15 23:43:41 - Error: [2] Cannot modify header information - headers already sent by (output started at C:\xampp\htdocs\glenncrm\includes\sidebar.php:4) in C:\xampp\htdocs\glenncrm\pages\settings.php on line 211
2025-05-15 23:43:56 - Error: [2] Cannot modify header information - headers already sent by (output started at C:\xampp\htdocs\glenncrm\includes\sidebar.php:4) in C:\xampp\htdocs\glenncrm\pages\settings.php on line 211
2025-05-15 23:46:13 - Error: [2] Cannot modify header information - headers already sent by (output started at C:\xampp\htdocs\glenncrm\includes\sidebar.php:4) in C:\xampp\htdocs\glenncrm\pages\settings.php on line 211
2025-05-15 23:46:21 - Error: [2] Cannot modify header information - headers already sent by (output started at C:\xampp\htdocs\glenncrm\includes\sidebar.php:4) in C:\xampp\htdocs\glenncrm\pages\settings.php on line 211
2025-05-15 23:47:21 - Error: [2] Cannot modify header information - headers already sent by (output started at C:\xampp\htdocs\glenncrm\includes\sidebar.php:4) in C:\xampp\htdocs\glenncrm\pages\settings.php on line 211
2025-05-15 23:48:22 - Error: [2] Cannot modify header information - headers already sent by (output started at C:\xampp\htdocs\glenncrm\includes\sidebar.php:4) in C:\xampp\htdocs\glenncrm\pages\settings.php on line 223
2025-05-15 23:48:37 - Error: [2] Cannot modify header information - headers already sent by (output started at C:\xampp\htdocs\glenncrm\includes\sidebar.php:4) in C:\xampp\htdocs\glenncrm\pages\settings.php on line 223
2025-05-15 23:48:45 - Error: [2] Cannot modify header information - headers already sent by (output started at C:\xampp\htdocs\glenncrm\includes\sidebar.php:4) in C:\xampp\htdocs\glenncrm\pages\settings.php on line 223
2025-05-15 23:55:20 - Error: [2] Cannot modify header information - headers already sent by (output started at C:\xampp\htdocs\glenncrm\includes\sidebar.php:4) in C:\xampp\htdocs\glenncrm\pages\settings.php on line 223
2025-05-15 23:55:41 - Error: [2] Cannot modify header information - headers already sent by (output started at C:\xampp\htdocs\glenncrm\includes\sidebar.php:4) in C:\xampp\htdocs\glenncrm\pages\settings.php on line 223
2025-05-15 23:55:45 - Error: [2] Cannot modify header information - headers already sent by (output started at C:\xampp\htdocs\glenncrm\includes\sidebar.php:4) in C:\xampp\htdocs\glenncrm\pages\settings.php on line 223
2025-05-15 23:56:24 - Error: [2] Cannot modify header information - headers already sent by (output started at C:\xampp\htdocs\glenncrm\includes\sidebar.php:4) in C:\xampp\htdocs\glenncrm\pages\settings.php on line 223
2025-05-15 23:57:43 - Error: [2] Cannot modify header information - headers already sent by (output started at C:\xampp\htdocs\glenncrm\includes\sidebar.php:4) in C:\xampp\htdocs\glenncrm\pages\settings.php on line 223
2025-05-15 23:58:42 - Error: [2] Cannot modify header information - headers already sent by (output started at C:\xampp\htdocs\glenncrm\includes\sidebar.php:4) in C:\xampp\htdocs\glenncrm\pages\settings.php on line 223
2025-05-15 23:59:15 - Error: [2] Cannot modify header information - headers already sent by (output started at C:\xampp\htdocs\glenncrm\includes\sidebar.php:4) in C:\xampp\htdocs\glenncrm\pages\settings.php on line 223
2025-05-16 00:15:58 - Error: [2] Undefined variable $is_admin in C:\xampp\htdocs\glenncrm\pages\leads.php on line 164
2025-05-16 00:15:58 - Error: [2] Undefined variable $is_admin in C:\xampp\htdocs\glenncrm\pages\leads.php on line 169
2025-05-16 00:20:13 - Error: [2] Undefined variable $is_admin in C:\xampp\htdocs\glenncrm\pages\leads.php on line 164
2025-05-16 00:20:13 - Error: [2] Undefined variable $is_admin in C:\xampp\htdocs\glenncrm\pages\leads.php on line 169
2025-05-16 00:20:26 - Error: [2] Undefined variable $is_admin in C:\xampp\htdocs\glenncrm\pages\leads.php on line 164
2025-05-16 00:20:26 - Error: [2] Undefined variable $is_admin in C:\xampp\htdocs\glenncrm\pages\leads.php on line 169
2025-05-16 00:29:37 - Error: [2] Undefined variable $is_admin in C:\xampp\htdocs\glenncrm\pages\leads.php on line 164
2025-05-16 00:29:37 - Error: [2] Undefined variable $is_admin in C:\xampp\htdocs\glenncrm\pages\leads.php on line 169
2025-05-16 00:29:38 - Error: [2] Undefined variable $is_admin in C:\xampp\htdocs\glenncrm\pages\leads.php on line 164
2025-05-16 00:29:38 - Error: [2] Undefined variable $is_admin in C:\xampp\htdocs\glenncrm\pages\leads.php on line 169
2025-05-16 00:30:31 - Error: [2] Cannot modify header information - headers already sent by (output started at C:\xampp\htdocs\glenncrm\includes\sidebar.php:4) in C:\xampp\htdocs\glenncrm\pages\reminders.php on line 318
2025-05-16 00:31:33 - Error: [2] Cannot modify header information - headers already sent by (output started at C:\xampp\htdocs\glenncrm\includes\sidebar.php:4) in C:\xampp\htdocs\glenncrm\pages\reminders.php on line 318
2025-05-16 00:32:12 - Error: [2] Undefined variable $is_admin in C:\xampp\htdocs\glenncrm\pages\leads.php on line 164
2025-05-16 00:32:12 - Error: [2] Undefined variable $is_admin in C:\xampp\htdocs\glenncrm\pages\leads.php on line 169
2025-05-16 00:32:17 - Error: [2] Undefined variable $is_admin in C:\xampp\htdocs\glenncrm\pages\leads.php on line 164
2025-05-16 00:32:17 - Error: [2] Undefined variable $is_admin in C:\xampp\htdocs\glenncrm\pages\leads.php on line 169
2025-05-16 00:32:44 - Error: [2] Cannot modify header information - headers already sent by (output started at C:\xampp\htdocs\glenncrm\includes\sidebar.php:4) in C:\xampp\htdocs\glenncrm\pages\reminders.php on line 318
2025-05-16 00:33:54 - Error: [2] Cannot modify header information - headers already sent by (output started at C:\xampp\htdocs\glenncrm\includes\sidebar.php:4) in C:\xampp\htdocs\glenncrm\pages\reminders.php on line 541
2025-05-16 00:34:30 - Error: [2] Cannot modify header information - headers already sent by (output started at C:\xampp\htdocs\glenncrm\includes\sidebar.php:4) in C:\xampp\htdocs\glenncrm\pages\reminders.php on line 318
2025-05-16 00:37:02 - Error: [2] Cannot modify header information - headers already sent by (output started at C:\xampp\htdocs\glenncrm\includes\sidebar.php:4) in C:\xampp\htdocs\glenncrm\pages\reminders.php on line 541
2025-05-16 00:37:11 - Error: [2] Cannot modify header information - headers already sent by (output started at C:\xampp\htdocs\glenncrm\includes\sidebar.php:4) in C:\xampp\htdocs\glenncrm\pages\reminders.php on line 318
2025-05-16 00:38:50 - Error: [2] Cannot modify header information - headers already sent by (output started at C:\xampp\htdocs\glenncrm\includes\sidebar.php:4) in C:\xampp\htdocs\glenncrm\pages\reminders.php on line 541
2025-05-16 00:39:02 - Error: [2] Cannot modify header information - headers already sent by (output started at C:\xampp\htdocs\glenncrm\includes\sidebar.php:4) in C:\xampp\htdocs\glenncrm\pages\reminders.php on line 318
2025-05-16 00:39:03 - Error: [2] Cannot modify header information - headers already sent by (output started at C:\xampp\htdocs\glenncrm\includes\sidebar.php:4) in C:\xampp\htdocs\glenncrm\pages\reminders.php on line 318
2025-05-16 00:43:40 - Error: [2] Undefined variable $is_admin in C:\xampp\htdocs\glenncrm\pages\leads.php on line 164
2025-05-16 00:43:40 - Error: [2] Undefined variable $is_admin in C:\xampp\htdocs\glenncrm\pages\leads.php on line 169
2025-05-16 00:43:45 - Error: [2] include(leads/edit.php): Failed to open stream: No such file or directory in C:\xampp\htdocs\glenncrm\pages\leads.php on line 24
2025-05-16 00:43:45 - Error: [2] include(): Failed opening 'leads/edit.php' for inclusion (include_path='C:\xampp\php\PEAR') in C:\xampp\htdocs\glenncrm\pages\leads.php on line 24
2025-05-16 00:43:47 - Error: [2] Undefined variable $is_admin in C:\xampp\htdocs\glenncrm\pages\leads.php on line 164
2025-05-16 00:43:47 - Error: [2] Undefined variable $is_admin in C:\xampp\htdocs\glenncrm\pages\leads.php on line 169
2025-05-16 00:43:48 - Error: [2] include(leads/edit.php): Failed to open stream: No such file or directory in C:\xampp\htdocs\glenncrm\pages\leads.php on line 24
2025-05-16 00:43:48 - Error: [2] include(): Failed opening 'leads/edit.php' for inclusion (include_path='C:\xampp\php\PEAR') in C:\xampp\htdocs\glenncrm\pages\leads.php on line 24
2025-05-16 00:43:56 - Error: [2] Undefined variable $is_admin in C:\xampp\htdocs\glenncrm\pages\leads.php on line 164
2025-05-16 00:43:56 - Error: [2] Undefined variable $is_admin in C:\xampp\htdocs\glenncrm\pages\leads.php on line 169
2025-05-16 00:43:57 - Error: [2] include(leads/view.php): Failed to open stream: No such file or directory in C:\xampp\htdocs\glenncrm\pages\leads.php on line 14
2025-05-16 00:43:57 - Error: [2] include(): Failed opening 'leads/view.php' for inclusion (include_path='C:\xampp\php\PEAR') in C:\xampp\htdocs\glenncrm\pages\leads.php on line 14
2025-05-16 00:43:59 - Error: [2] Undefined variable $is_admin in C:\xampp\htdocs\glenncrm\pages\leads.php on line 164
2025-05-16 00:43:59 - Error: [2] Undefined variable $is_admin in C:\xampp\htdocs\glenncrm\pages\leads.php on line 169
2025-05-16 00:44:00 - Error: [2] include(leads/view.php): Failed to open stream: No such file or directory in C:\xampp\htdocs\glenncrm\pages\leads.php on line 14
2025-05-16 00:44:00 - Error: [2] include(): Failed opening 'leads/view.php' for inclusion (include_path='C:\xampp\php\PEAR') in C:\xampp\htdocs\glenncrm\pages\leads.php on line 14
2025-05-16 00:44:01 - Error: [2] Undefined variable $is_admin in C:\xampp\htdocs\glenncrm\pages\leads.php on line 164
2025-05-16 00:44:01 - Error: [2] Undefined variable $is_admin in C:\xampp\htdocs\glenncrm\pages\leads.php on line 169
2025-05-16 00:44:03 - Error: [2] include(leads/view.php): Failed to open stream: No such file or directory in C:\xampp\htdocs\glenncrm\pages\leads.php on line 14
2025-05-16 00:44:03 - Error: [2] include(): Failed opening 'leads/view.php' for inclusion (include_path='C:\xampp\php\PEAR') in C:\xampp\htdocs\glenncrm\pages\leads.php on line 14
2025-05-16 00:44:04 - Error: [2] Undefined variable $is_admin in C:\xampp\htdocs\glenncrm\pages\leads.php on line 164
2025-05-16 00:44:04 - Error: [2] Undefined variable $is_admin in C:\xampp\htdocs\glenncrm\pages\leads.php on line 169
2025-05-16 00:44:05 - Error: [2] include(leads/view.php): Failed to open stream: No such file or directory in C:\xampp\htdocs\glenncrm\pages\leads.php on line 14
2025-05-16 00:44:05 - Error: [2] include(): Failed opening 'leads/view.php' for inclusion (include_path='C:\xampp\php\PEAR') in C:\xampp\htdocs\glenncrm\pages\leads.php on line 14
2025-05-16 00:44:07 - Error: [2] Undefined variable $is_admin in C:\xampp\htdocs\glenncrm\pages\leads.php on line 164
2025-05-16 00:44:07 - Error: [2] Undefined variable $is_admin in C:\xampp\htdocs\glenncrm\pages\leads.php on line 169
2025-05-16 00:44:09 - Error: [2] include(leads/add.php): Failed to open stream: No such file or directory in C:\xampp\htdocs\glenncrm\pages\leads.php on line 19
2025-05-16 00:44:09 - Error: [2] include(): Failed opening 'leads/add.php' for inclusion (include_path='C:\xampp\php\PEAR') in C:\xampp\htdocs\glenncrm\pages\leads.php on line 19
2025-05-16 00:44:11 - Error: [2] Undefined variable $is_admin in C:\xampp\htdocs\glenncrm\pages\leads.php on line 164
2025-05-16 00:44:11 - Error: [2] Undefined variable $is_admin in C:\xampp\htdocs\glenncrm\pages\leads.php on line 169
2025-05-16 00:44:18 - Error: [2] Undefined variable $is_admin in C:\xampp\htdocs\glenncrm\pages\leads.php on line 164
2025-05-16 00:44:18 - Error: [2] Undefined variable $is_admin in C:\xampp\htdocs\glenncrm\pages\leads.php on line 169
2025-05-16 00:44:19 - Error: [2] include(leads/view.php): Failed to open stream: No such file or directory in C:\xampp\htdocs\glenncrm\pages\leads.php on line 14
2025-05-16 00:44:19 - Error: [2] include(): Failed opening 'leads/view.php' for inclusion (include_path='C:\xampp\php\PEAR') in C:\xampp\htdocs\glenncrm\pages\leads.php on line 14
2025-05-16 00:44:20 - Error: [2] Undefined variable $is_admin in C:\xampp\htdocs\glenncrm\pages\leads.php on line 164
2025-05-16 00:44:20 - Error: [2] Undefined variable $is_admin in C:\xampp\htdocs\glenncrm\pages\leads.php on line 169
2025-05-16 00:45:14 - Error: [2] include(leads/view.php): Failed to open stream: No such file or directory in C:\xampp\htdocs\glenncrm\pages\leads.php on line 14
2025-05-16 00:45:14 - Error: [2] include(): Failed opening 'leads/view.php' for inclusion (include_path='C:\xampp\php\PEAR') in C:\xampp\htdocs\glenncrm\pages\leads.php on line 14
2025-05-16 00:46:17 - Error: [2] Cannot modify header information - headers already sent by (output started at C:\xampp\htdocs\glenncrm\includes\sidebar.php:4) in C:\xampp\htdocs\glenncrm\pages\sales\edit.php on line 96
2025-05-16 00:46:56 - Error: [2] Cannot modify header information - headers already sent by (output started at C:\xampp\htdocs\glenncrm\includes\sidebar.php:4) in C:\xampp\htdocs\glenncrm\pages\sales\edit.php on line 96
2025-05-16 00:49:21 - Error: [2] Cannot modify header information - headers already sent by (output started at C:\xampp\htdocs\glenncrm\includes\sidebar.php:4) in C:\xampp\htdocs\glenncrm\pages\sales\edit.php on line 96
2025-05-16 00:51:29 - Error: [2] Cannot modify header information - headers already sent by (output started at C:\xampp\htdocs\glenncrm\includes\sidebar.php:4) in C:\xampp\htdocs\glenncrm\pages\interactions\edit.php on line 73
2025-05-16 00:51:37 - Error: [2] Cannot modify header information - headers already sent by (output started at C:\xampp\htdocs\glenncrm\includes\sidebar.php:4) in C:\xampp\htdocs\glenncrm\pages\interactions\edit.php on line 73
2025-05-16 00:53:02 - Error: [2] Cannot modify header information - headers already sent by (output started at C:\xampp\htdocs\glenncrm\includes\sidebar.php:4) in C:\xampp\htdocs\glenncrm\pages\interactions\edit.php on line 73
2025-05-16 00:53:18 - Error: [2] Cannot modify header information - headers already sent by (output started at C:\xampp\htdocs\glenncrm\includes\sidebar.php:4) in C:\xampp\htdocs\glenncrm\pages\interactions\edit.php on line 73
2025-05-16 00:54:29 - Error: [2] Cannot modify header information - headers already sent by (output started at C:\xampp\htdocs\glenncrm\includes\sidebar.php:4) in C:\xampp\htdocs\glenncrm\pages\interactions\edit.php on line 73
2025-05-16 00:54:43 - Error: [2] Cannot modify header information - headers already sent by (output started at C:\xampp\htdocs\glenncrm\includes\sidebar.php:4) in C:\xampp\htdocs\glenncrm\pages\interactions\edit.php on line 73
2025-05-16 00:55:39 - Error: [2] Cannot modify header information - headers already sent by (output started at C:\xampp\htdocs\glenncrm\includes\sidebar.php:4) in C:\xampp\htdocs\glenncrm\pages\interactions\edit.php on line 73
2025-05-16 00:55:45 - Error: [2] Cannot modify header information - headers already sent by (output started at C:\xampp\htdocs\glenncrm\includes\sidebar.php:4) in C:\xampp\htdocs\glenncrm\pages\interactions\edit.php on line 73
2025-05-16 01:07:22 - Error: [2] Undefined variable $is_admin in C:\xampp\htdocs\glenncrm\pages\leads.php on line 164
2025-05-16 01:07:22 - Error: [2] Undefined variable $is_admin in C:\xampp\htdocs\glenncrm\pages\leads.php on line 169
2025-05-16 01:09:21 - Error: [2] Undefined variable $is_admin in C:\xampp\htdocs\glenncrm\pages\leads.php on line 164
2025-05-16 01:09:21 - Error: [2] Undefined variable $is_admin in C:\xampp\htdocs\glenncrm\pages\leads.php on line 169
2025-05-16 01:12:41 - Error: [2] Cannot modify header information - headers already sent by (output started at C:\xampp\htdocs\glenncrm\includes\sidebar.php:4) in C:\xampp\htdocs\glenncrm\pages\users.php on line 367
2025-05-16 01:15:54 - Error: [2] Cannot modify header information - headers already sent by (output started at C:\xampp\htdocs\glenncrm\includes\sidebar.php:4) in C:\xampp\htdocs\glenncrm\pages\logout.php on line 6
2025-05-16 01:17:04 - Error: [2] Cannot modify header information - headers already sent by (output started at C:\xampp\htdocs\glenncrm\includes\sidebar.php:4) in C:\xampp\htdocs\glenncrm\pages\logout.php on line 6
2025-05-16 01:19:22 - Error: [2] Undefined variable $is_admin in C:\xampp\htdocs\glenncrm\pages\leads.php on line 164
2025-05-16 01:19:22 - Error: [2] Undefined variable $is_admin in C:\xampp\htdocs\glenncrm\pages\leads.php on line 169
2025-05-16 01:19:46 - Error: [2] Undefined variable $is_admin in C:\xampp\htdocs\glenncrm\pages\leads.php on line 164
2025-05-16 01:19:46 - Error: [2] Undefined variable $is_admin in C:\xampp\htdocs\glenncrm\pages\leads.php on line 169
2025-05-16 01:20:05 - Error: [2] Undefined variable $is_admin in C:\xampp\htdocs\glenncrm\pages\leads.php on line 164
2025-05-16 01:20:05 - Error: [2] Undefined variable $is_admin in C:\xampp\htdocs\glenncrm\pages\leads.php on line 169
2025-05-16 01:20:26 - Error: [2] Cannot modify header information - headers already sent by (output started at C:\xampp\htdocs\glenncrm\includes\sidebar.php:13) in C:\xampp\htdocs\glenncrm\pages\logout.php on line 6
2025-05-16 01:21:29 - Error: [2] Cannot modify header information - headers already sent by (output started at C:\xampp\htdocs\glenncrm\includes\sidebar.php:13) in C:\xampp\htdocs\glenncrm\pages\logout.php on line 6
2025-05-16 01:21:46 - Error: [2] Cannot modify header information - headers already sent by (output started at C:\xampp\htdocs\glenncrm\includes\sidebar.php:13) in C:\xampp\htdocs\glenncrm\pages\logout.php on line 6
2025-05-16 01:27:16 - Error: [2] Undefined variable $is_admin in C:\xampp\htdocs\glenncrm\pages\leads.php on line 164
2025-05-16 01:27:16 - Error: [2] Undefined variable $is_admin in C:\xampp\htdocs\glenncrm\pages\leads.php on line 169
2025-05-16 01:28:02 - Error: [2] Undefined variable $is_admin in C:\xampp\htdocs\glenncrm\pages\leads.php on line 164
2025-05-16 01:28:02 - Error: [2] Undefined variable $is_admin in C:\xampp\htdocs\glenncrm\pages\leads.php on line 169
2025-05-16 01:30:47 - Error: [2] include(leads/add.php): Failed to open stream: No such file or directory in C:\xampp\htdocs\glenncrm\pages\leads.php on line 19
2025-05-16 01:30:47 - Error: [2] include(): Failed opening 'leads/add.php' for inclusion (include_path='C:\xampp\php\PEAR') in C:\xampp\htdocs\glenncrm\pages\leads.php on line 19
2025-05-16 01:30:50 - Error: [2] include(leads/add.php): Failed to open stream: No such file or directory in C:\xampp\htdocs\glenncrm\pages\leads.php on line 19
2025-05-16 01:30:50 - Error: [2] include(): Failed opening 'leads/add.php' for inclusion (include_path='C:\xampp\php\PEAR') in C:\xampp\htdocs\glenncrm\pages\leads.php on line 19
2025-05-16 01:30:52 - Error: [2] include(leads/add.php): Failed to open stream: No such file or directory in C:\xampp\htdocs\glenncrm\pages\leads.php on line 19
2025-05-16 01:30:52 - Error: [2] include(): Failed opening 'leads/add.php' for inclusion (include_path='C:\xampp\php\PEAR') in C:\xampp\htdocs\glenncrm\pages\leads.php on line 19
2025-05-16 01:32:58 - Error: [2] include(leads/add.php): Failed to open stream: No such file or directory in C:\xampp\htdocs\glenncrm\pages\leads.php on line 19
2025-05-16 01:32:58 - Error: [2] include(): Failed opening 'leads/add.php' for inclusion (include_path='C:\xampp\php\PEAR') in C:\xampp\htdocs\glenncrm\pages\leads.php on line 19
2025-05-16 01:33:01 - Error: [2] Undefined variable $is_admin in C:\xampp\htdocs\glenncrm\pages\leads.php on line 164
2025-05-16 01:33:01 - Error: [2] Undefined variable $is_admin in C:\xampp\htdocs\glenncrm\pages\leads.php on line 169
2025-05-16 01:33:03 - Error: [2] include(leads/add.php): Failed to open stream: No such file or directory in C:\xampp\htdocs\glenncrm\pages\leads.php on line 19
2025-05-16 01:33:03 - Error: [2] include(): Failed opening 'leads/add.php' for inclusion (include_path='C:\xampp\php\PEAR') in C:\xampp\htdocs\glenncrm\pages\leads.php on line 19
2025-05-16 01:33:11 - Error: [2] Undefined variable $is_admin in C:\xampp\htdocs\glenncrm\pages\leads.php on line 164
2025-05-16 01:33:11 - Error: [2] Undefined variable $is_admin in C:\xampp\htdocs\glenncrm\pages\leads.php on line 169
2025-05-16 01:33:11 - Error: [2] Undefined variable $is_admin in C:\xampp\htdocs\glenncrm\pages\leads.php on line 164
2025-05-16 01:33:11 - Error: [2] Undefined variable $is_admin in C:\xampp\htdocs\glenncrm\pages\leads.php on line 169
2025-05-16 01:33:13 - Error: [2] include(leads/add.php): Failed to open stream: No such file or directory in C:\xampp\htdocs\glenncrm\pages\leads.php on line 19
2025-05-16 01:33:13 - Error: [2] include(): Failed opening 'leads/add.php' for inclusion (include_path='C:\xampp\php\PEAR') in C:\xampp\htdocs\glenncrm\pages\leads.php on line 19
2025-05-16 01:33:16 - Error: [2] include(leads/edit.php): Failed to open stream: No such file or directory in C:\xampp\htdocs\glenncrm\pages\leads.php on line 24
2025-05-16 01:33:16 - Error: [2] include(): Failed opening 'leads/edit.php' for inclusion (include_path='C:\xampp\php\PEAR') in C:\xampp\htdocs\glenncrm\pages\leads.php on line 24
2025-05-16 01:33:17 - Error: [2] Undefined variable $is_admin in C:\xampp\htdocs\glenncrm\pages\leads.php on line 164
2025-05-16 01:33:17 - Error: [2] Undefined variable $is_admin in C:\xampp\htdocs\glenncrm\pages\leads.php on line 169
2025-05-16 01:35:28 - Error: [2] Undefined variable $is_admin in C:\xampp\htdocs\glenncrm\pages\leads.php on line 164
2025-05-16 01:35:28 - Error: [2] Undefined variable $is_admin in C:\xampp\htdocs\glenncrm\pages\leads.php on line 169
2025-05-16 01:35:59 - Error: [2] Undefined variable $is_admin in C:\xampp\htdocs\glenncrm\pages\leads.php on line 164
2025-05-16 01:35:59 - Error: [2] Undefined variable $is_admin in C:\xampp\htdocs\glenncrm\pages\leads.php on line 169
2025-05-16 01:36:17 - Error: [2] Undefined variable $is_admin in C:\xampp\htdocs\glenncrm\pages\leads.php on line 164
2025-05-16 01:36:17 - Error: [2] Undefined variable $is_admin in C:\xampp\htdocs\glenncrm\pages\leads.php on line 169
2025-05-16 01:36:18 - Error: [2] include(leads/add.php): Failed to open stream: No such file or directory in C:\xampp\htdocs\glenncrm\pages\leads.php on line 19
2025-05-16 01:36:18 - Error: [2] include(): Failed opening 'leads/add.php' for inclusion (include_path='C:\xampp\php\PEAR') in C:\xampp\htdocs\glenncrm\pages\leads.php on line 19
2025-05-16 01:36:19 - Error: [2] Undefined variable $is_admin in C:\xampp\htdocs\glenncrm\pages\leads.php on line 164
2025-05-16 01:36:19 - Error: [2] Undefined variable $is_admin in C:\xampp\htdocs\glenncrm\pages\leads.php on line 169
2025-05-16 01:37:27 - Error: [2] Undefined variable $is_admin in C:\xampp\htdocs\glenncrm\pages\leads.php on line 164
2025-05-16 01:37:27 - Error: [2] Undefined variable $is_admin in C:\xampp\htdocs\glenncrm\pages\leads.php on line 169
2025-05-16 01:37:48 - Error: [2] Undefined variable $is_admin in C:\xampp\htdocs\glenncrm\pages\leads.php on line 164
2025-05-16 01:37:48 - Error: [2] Undefined variable $is_admin in C:\xampp\htdocs\glenncrm\pages\leads.php on line 169
2025-05-16 01:37:57 - Error: [2] Undefined variable $is_admin in C:\xampp\htdocs\glenncrm\pages\leads.php on line 164
2025-05-16 01:37:57 - Error: [2] Undefined variable $is_admin in C:\xampp\htdocs\glenncrm\pages\leads.php on line 169
2025-05-16 01:38:47 - Error: [2] Undefined variable $is_admin in C:\xampp\htdocs\glenncrm\pages\leads.php on line 164
2025-05-16 01:38:47 - Error: [2] Undefined variable $is_admin in C:\xampp\htdocs\glenncrm\pages\leads.php on line 169
2025-05-16 01:38:49 - Error: [2] Undefined variable $is_admin in C:\xampp\htdocs\glenncrm\pages\leads.php on line 164
2025-05-16 01:38:49 - Error: [2] Undefined variable $is_admin in C:\xampp\htdocs\glenncrm\pages\leads.php on line 169
2025-05-16 01:39:08 - Error: [2] Undefined variable $is_admin in C:\xampp\htdocs\glenncrm\pages\leads.php on line 164
2025-05-16 01:39:08 - Error: [2] Undefined variable $is_admin in C:\xampp\htdocs\glenncrm\pages\leads.php on line 169
2025-05-16 01:39:12 - Error: [2] Undefined variable $is_admin in C:\xampp\htdocs\glenncrm\pages\leads.php on line 164
2025-05-16 01:39:12 - Error: [2] Undefined variable $is_admin in C:\xampp\htdocs\glenncrm\pages\leads.php on line 169
2025-05-16 01:39:17 - Error: [2] Undefined variable $is_admin in C:\xampp\htdocs\glenncrm\pages\leads.php on line 164
2025-05-16 01:39:17 - Error: [2] Undefined variable $is_admin in C:\xampp\htdocs\glenncrm\pages\leads.php on line 169
2025-05-16 01:39:21 - Error: [2] Undefined variable $is_admin in C:\xampp\htdocs\glenncrm\pages\leads.php on line 164
2025-05-16 01:39:21 - Error: [2] Undefined variable $is_admin in C:\xampp\htdocs\glenncrm\pages\leads.php on line 169
2025-05-16 01:39:56 - Error: [2] Undefined variable $is_admin in C:\xampp\htdocs\glenncrm\pages\leads.php on line 164
2025-05-16 01:39:56 - Error: [2] Undefined variable $is_admin in C:\xampp\htdocs\glenncrm\pages\leads.php on line 169
2025-05-16 01:40:44 - Error: [2] Undefined variable $is_admin in C:\xampp\htdocs\glenncrm\pages\leads.php on line 164
2025-05-16 01:40:44 - Error: [2] Undefined variable $is_admin in C:\xampp\htdocs\glenncrm\pages\leads.php on line 169
2025-05-16 01:42:31 - Error: [2] Undefined variable $is_admin in C:\xampp\htdocs\glenncrm\pages\leads.php on line 164
2025-05-16 01:42:31 - Error: [2] Undefined variable $is_admin in C:\xampp\htdocs\glenncrm\pages\leads.php on line 169
2025-05-16 01:42:38 - Error: [2] Undefined variable $is_admin in C:\xampp\htdocs\glenncrm\pages\leads.php on line 164
2025-05-16 01:42:38 - Error: [2] Undefined variable $is_admin in C:\xampp\htdocs\glenncrm\pages\leads.php on line 169
2025-05-16 01:43:04 - Error: [2] Undefined variable $customers in C:\xampp\htdocs\glenncrm\pages\leads\add.php on line 52
2025-05-16 01:43:06 - Error: [2] Undefined variable $is_admin in C:\xampp\htdocs\glenncrm\pages\leads.php on line 164
2025-05-16 01:43:06 - Error: [2] Undefined variable $is_admin in C:\xampp\htdocs\glenncrm\pages\leads.php on line 169
2025-05-16 01:43:18 - Error: [2] Undefined variable $customers in C:\xampp\htdocs\glenncrm\pages\leads\add.php on line 52
2025-05-16 01:45:44 - Error: [2] Undefined variable $customers in C:\xampp\htdocs\glenncrm\pages\leads\add.php on line 52
2025-05-16 01:45:47 - Error: [2] Undefined variable $is_admin in C:\xampp\htdocs\glenncrm\pages\leads.php on line 164
2025-05-16 01:45:47 - Error: [2] Undefined variable $is_admin in C:\xampp\htdocs\glenncrm\pages\leads.php on line 169
2025-05-16 01:45:53 - Error: [2] Undefined variable $customers in C:\xampp\htdocs\glenncrm\pages\leads\add.php on line 52
2025-05-16 01:46:02 - Error: [2] Undefined variable $is_admin in C:\xampp\htdocs\glenncrm\pages\leads.php on line 164
2025-05-16 01:46:02 - Error: [2] Undefined variable $is_admin in C:\xampp\htdocs\glenncrm\pages\leads.php on line 169
2025-05-16 01:46:05 - Error: [2] Undefined variable $customers in C:\xampp\htdocs\glenncrm\pages\leads\add.php on line 52
2025-05-16 01:46:07 - Error: [2] Undefined variable $is_admin in C:\xampp\htdocs\glenncrm\pages\leads.php on line 164
2025-05-16 01:46:07 - Error: [2] Undefined variable $is_admin in C:\xampp\htdocs\glenncrm\pages\leads.php on line 169
2025-05-16 01:48:35 - Error: [2] Undefined variable $is_admin in C:\xampp\htdocs\glenncrm\pages\leads.php on line 164
2025-05-16 01:48:35 - Error: [2] Undefined variable $is_admin in C:\xampp\htdocs\glenncrm\pages\leads.php on line 169
2025-05-16 01:48:44 - Error: [2] Undefined variable $customer_id in C:\xampp\htdocs\glenncrm\pages\leads\add.php on line 64
2025-05-16 01:48:44 - Error: [2] Undefined variable $customer_id in C:\xampp\htdocs\glenncrm\pages\leads\add.php on line 64
2025-05-16 01:48:44 - Error: [2] Undefined variable $customer_id in C:\xampp\htdocs\glenncrm\pages\leads\add.php on line 64
2025-05-16 01:48:44 - Error: [2] Undefined variable $customer_id in C:\xampp\htdocs\glenncrm\pages\leads\add.php on line 64
2025-05-16 01:48:44 - Error: [2] Undefined variable $customer_id in C:\xampp\htdocs\glenncrm\pages\leads\add.php on line 64
2025-05-16 01:48:44 - Error: [2] Undefined variable $customer_id in C:\xampp\htdocs\glenncrm\pages\leads\add.php on line 64
2025-05-16 01:48:44 - Error: [2] Undefined variable $customer_id in C:\xampp\htdocs\glenncrm\pages\leads\add.php on line 64
2025-05-16 01:48:44 - Error: [2] Undefined variable $customer_id in C:\xampp\htdocs\glenncrm\pages\leads\add.php on line 64
2025-05-16 01:48:44 - Error: [2] Undefined variable $customer_id in C:\xampp\htdocs\glenncrm\pages\leads\add.php on line 64
2025-05-16 01:48:44 - Error: [2] Undefined variable $customer_id in C:\xampp\htdocs\glenncrm\pages\leads\add.php on line 64
2025-05-16 01:48:51 - Error: [2] Undefined variable $is_admin in C:\xampp\htdocs\glenncrm\pages\leads.php on line 164
2025-05-16 01:48:51 - Error: [2] Undefined variable $is_admin in C:\xampp\htdocs\glenncrm\pages\leads.php on line 169
2025-05-16 01:50:26 - Error: [2] Undefined variable $is_admin in C:\xampp\htdocs\glenncrm\pages\leads.php on line 164
2025-05-16 01:50:26 - Error: [2] Undefined variable $is_admin in C:\xampp\htdocs\glenncrm\pages\leads.php on line 169
2025-05-16 01:50:33 - Error: [2] Undefined variable $is_admin in C:\xampp\htdocs\glenncrm\pages\leads.php on line 164
2025-05-16 01:50:33 - Error: [2] Undefined variable $is_admin in C:\xampp\htdocs\glenncrm\pages\leads.php on line 169
2025-05-16 01:50:54 - Error: [2] Undefined variable $is_admin in C:\xampp\htdocs\glenncrm\pages\leads.php on line 164
2025-05-16 01:50:54 - Error: [2] Undefined variable $is_admin in C:\xampp\htdocs\glenncrm\pages\leads.php on line 169
2025-05-16 01:51:43 - Error: [2] Undefined variable $is_admin in C:\xampp\htdocs\glenncrm\pages\leads.php on line 164
2025-05-16 01:51:43 - Error: [2] Undefined variable $is_admin in C:\xampp\htdocs\glenncrm\pages\leads.php on line 169
2025-05-16 01:51:54 - Error: [2] Undefined variable $is_admin in C:\xampp\htdocs\glenncrm\pages\leads.php on line 164
2025-05-16 01:51:54 - Error: [2] Undefined variable $is_admin in C:\xampp\htdocs\glenncrm\pages\leads.php on line 169
2025-05-16 01:55:18 - Error: [2] Undefined variable $is_admin in C:\xampp\htdocs\glenncrm\pages\leads.php on line 164
2025-05-16 01:55:18 - Error: [2] Undefined variable $is_admin in C:\xampp\htdocs\glenncrm\pages\leads.php on line 169
2025-05-16 01:55:26 - Error: [2] Undefined variable $is_admin in C:\xampp\htdocs\glenncrm\pages\leads.php on line 164
2025-05-16 01:55:26 - Error: [2] Undefined variable $is_admin in C:\xampp\htdocs\glenncrm\pages\leads.php on line 169
2025-05-16 01:55:32 - Error: [2] Undefined variable $is_admin in C:\xampp\htdocs\glenncrm\pages\leads.php on line 164
2025-05-16 01:55:32 - Error: [2] Undefined variable $is_admin in C:\xampp\htdocs\glenncrm\pages\leads.php on line 169
2025-05-16 01:56:13 - Error: [2] Undefined variable $is_admin in C:\xampp\htdocs\glenncrm\pages\leads.php on line 164
2025-05-16 01:56:13 - Error: [2] Undefined variable $is_admin in C:\xampp\htdocs\glenncrm\pages\leads.php on line 169
2025-05-16 01:56:27 - Error: [2] Undefined variable $is_admin in C:\xampp\htdocs\glenncrm\pages\leads.php on line 164
2025-05-16 01:56:27 - Error: [2] Undefined variable $is_admin in C:\xampp\htdocs\glenncrm\pages\leads.php on line 169
2025-05-16 01:56:37 - Error: [2] Undefined variable $is_admin in C:\xampp\htdocs\glenncrm\pages\leads.php on line 164
2025-05-16 01:56:37 - Error: [2] Undefined variable $is_admin in C:\xampp\htdocs\glenncrm\pages\leads.php on line 169
2025-05-16 01:57:45 - Error: [2] Undefined variable $customer_id in C:\xampp\htdocs\glenncrm\pages\leads\add.php on line 64
2025-05-16 01:57:45 - Error: [2] Undefined variable $customer_id in C:\xampp\htdocs\glenncrm\pages\leads\add.php on line 64
2025-05-16 01:57:45 - Error: [2] Undefined variable $customer_id in C:\xampp\htdocs\glenncrm\pages\leads\add.php on line 64
2025-05-16 01:57:45 - Error: [2] Undefined variable $customer_id in C:\xampp\htdocs\glenncrm\pages\leads\add.php on line 64
2025-05-16 01:57:45 - Error: [2] Undefined variable $customer_id in C:\xampp\htdocs\glenncrm\pages\leads\add.php on line 64
2025-05-16 01:57:45 - Error: [2] Undefined variable $customer_id in C:\xampp\htdocs\glenncrm\pages\leads\add.php on line 64
2025-05-16 01:57:45 - Error: [2] Undefined variable $customer_id in C:\xampp\htdocs\glenncrm\pages\leads\add.php on line 64
2025-05-16 01:57:45 - Error: [2] Undefined variable $customer_id in C:\xampp\htdocs\glenncrm\pages\leads\add.php on line 64
2025-05-16 01:57:45 - Error: [2] Undefined variable $customer_id in C:\xampp\htdocs\glenncrm\pages\leads\add.php on line 64
2025-05-16 01:57:45 - Error: [2] Undefined variable $customer_id in C:\xampp\htdocs\glenncrm\pages\leads\add.php on line 64
2025-05-16 01:58:49 - Error: [2] Undefined variable $customer_id in C:\xampp\htdocs\glenncrm\pages\leads\add.php on line 64
2025-05-16 01:58:49 - Error: [2] Undefined variable $customer_id in C:\xampp\htdocs\glenncrm\pages\leads\add.php on line 64
2025-05-16 01:58:49 - Error: [2] Undefined variable $customer_id in C:\xampp\htdocs\glenncrm\pages\leads\add.php on line 64
2025-05-16 01:58:49 - Error: [2] Undefined variable $customer_id in C:\xampp\htdocs\glenncrm\pages\leads\add.php on line 64
2025-05-16 01:58:49 - Error: [2] Undefined variable $customer_id in C:\xampp\htdocs\glenncrm\pages\leads\add.php on line 64
2025-05-16 01:58:49 - Error: [2] Undefined variable $customer_id in C:\xampp\htdocs\glenncrm\pages\leads\add.php on line 64
2025-05-16 01:58:49 - Error: [2] Undefined variable $customer_id in C:\xampp\htdocs\glenncrm\pages\leads\add.php on line 64
2025-05-16 01:58:49 - Error: [2] Undefined variable $customer_id in C:\xampp\htdocs\glenncrm\pages\leads\add.php on line 64
2025-05-16 01:58:49 - Error: [2] Undefined variable $customer_id in C:\xampp\htdocs\glenncrm\pages\leads\add.php on line 64
2025-05-16 01:58:49 - Error: [2] Undefined variable $customer_id in C:\xampp\htdocs\glenncrm\pages\leads\add.php on line 64
2025-05-16 01:59:10 - Error: [2] Undefined variable $customer_id in C:\xampp\htdocs\glenncrm\pages\leads\add.php on line 64
2025-05-16 01:59:10 - Error: [2] Undefined variable $customer_id in C:\xampp\htdocs\glenncrm\pages\leads\add.php on line 64
2025-05-16 01:59:10 - Error: [2] Undefined variable $customer_id in C:\xampp\htdocs\glenncrm\pages\leads\add.php on line 64
2025-05-16 01:59:10 - Error: [2] Undefined variable $customer_id in C:\xampp\htdocs\glenncrm\pages\leads\add.php on line 64
2025-05-16 01:59:10 - Error: [2] Undefined variable $customer_id in C:\xampp\htdocs\glenncrm\pages\leads\add.php on line 64
2025-05-16 01:59:10 - Error: [2] Undefined variable $customer_id in C:\xampp\htdocs\glenncrm\pages\leads\add.php on line 64
2025-05-16 01:59:10 - Error: [2] Undefined variable $customer_id in C:\xampp\htdocs\glenncrm\pages\leads\add.php on line 64
2025-05-16 01:59:10 - Error: [2] Undefined variable $customer_id in C:\xampp\htdocs\glenncrm\pages\leads\add.php on line 64
2025-05-16 01:59:10 - Error: [2] Undefined variable $customer_id in C:\xampp\htdocs\glenncrm\pages\leads\add.php on line 64
2025-05-16 01:59:10 - Error: [2] Undefined variable $customer_id in C:\xampp\htdocs\glenncrm\pages\leads\add.php on line 64
2025-05-16 01:59:50 - Error: [2] include(leads/view.php): Failed to open stream: No such file or directory in C:\xampp\htdocs\glenncrm\pages\leads.php on line 14
2025-05-16 01:59:50 - Error: [2] include(): Failed opening 'leads/view.php' for inclusion (include_path='C:\xampp\php\PEAR') in C:\xampp\htdocs\glenncrm\pages\leads.php on line 14
2025-05-16 02:49:00 - Error: [2] Undefined variable $customer_id in C:\xampp\htdocs\glenncrm\pages\leads\add.php on line 64
2025-05-16 02:49:00 - Error: [2] Undefined variable $customer_id in C:\xampp\htdocs\glenncrm\pages\leads\add.php on line 64
2025-05-16 02:49:00 - Error: [2] Undefined variable $customer_id in C:\xampp\htdocs\glenncrm\pages\leads\add.php on line 64
2025-05-16 02:49:00 - Error: [2] Undefined variable $customer_id in C:\xampp\htdocs\glenncrm\pages\leads\add.php on line 64
2025-05-16 02:49:00 - Error: [2] Undefined variable $customer_id in C:\xampp\htdocs\glenncrm\pages\leads\add.php on line 64
2025-05-16 02:49:00 - Error: [2] Undefined variable $customer_id in C:\xampp\htdocs\glenncrm\pages\leads\add.php on line 64
2025-05-16 02:49:00 - Error: [2] Undefined variable $customer_id in C:\xampp\htdocs\glenncrm\pages\leads\add.php on line 64
2025-05-16 02:49:00 - Error: [2] Undefined variable $customer_id in C:\xampp\htdocs\glenncrm\pages\leads\add.php on line 64
2025-05-16 02:49:00 - Error: [2] Undefined variable $customer_id in C:\xampp\htdocs\glenncrm\pages\leads\add.php on line 64
2025-05-16 02:49:00 - Error: [2] Undefined variable $customer_id in C:\xampp\htdocs\glenncrm\pages\leads\add.php on line 64
2025-05-16 02:49:20 - Error: [2] Undefined variable $customer_id in C:\xampp\htdocs\glenncrm\pages\leads\add.php on line 64
2025-05-16 02:49:20 - Error: [2] Undefined variable $customer_id in C:\xampp\htdocs\glenncrm\pages\leads\add.php on line 64
2025-05-16 02:49:20 - Error: [2] Undefined variable $customer_id in C:\xampp\htdocs\glenncrm\pages\leads\add.php on line 64
2025-05-16 02:49:20 - Error: [2] Undefined variable $customer_id in C:\xampp\htdocs\glenncrm\pages\leads\add.php on line 64
2025-05-16 02:49:20 - Error: [2] Undefined variable $customer_id in C:\xampp\htdocs\glenncrm\pages\leads\add.php on line 64
2025-05-16 02:49:20 - Error: [2] Undefined variable $customer_id in C:\xampp\htdocs\glenncrm\pages\leads\add.php on line 64
2025-05-16 02:49:20 - Error: [2] Undefined variable $customer_id in C:\xampp\htdocs\glenncrm\pages\leads\add.php on line 64
2025-05-16 02:49:20 - Error: [2] Undefined variable $customer_id in C:\xampp\htdocs\glenncrm\pages\leads\add.php on line 64
2025-05-16 02:49:20 - Error: [2] Undefined variable $customer_id in C:\xampp\htdocs\glenncrm\pages\leads\add.php on line 64
2025-05-16 02:49:20 - Error: [2] Undefined variable $customer_id in C:\xampp\htdocs\glenncrm\pages\leads\add.php on line 64
2025-05-16 02:50:13 - Error: [2] Undefined variable $customer_id in C:\xampp\htdocs\glenncrm\pages\leads\add.php on line 64
2025-05-16 02:50:13 - Error: [2] Undefined variable $customer_id in C:\xampp\htdocs\glenncrm\pages\leads\add.php on line 64
2025-05-16 02:50:13 - Error: [2] Undefined variable $customer_id in C:\xampp\htdocs\glenncrm\pages\leads\add.php on line 64
2025-05-16 02:50:13 - Error: [2] Undefined variable $customer_id in C:\xampp\htdocs\glenncrm\pages\leads\add.php on line 64
2025-05-16 02:50:13 - Error: [2] Undefined variable $customer_id in C:\xampp\htdocs\glenncrm\pages\leads\add.php on line 64
2025-05-16 02:50:13 - Error: [2] Undefined variable $customer_id in C:\xampp\htdocs\glenncrm\pages\leads\add.php on line 64
2025-05-16 02:50:14 - Error: [2] Undefined variable $customer_id in C:\xampp\htdocs\glenncrm\pages\leads\add.php on line 64
2025-05-16 02:50:14 - Error: [2] Undefined variable $customer_id in C:\xampp\htdocs\glenncrm\pages\leads\add.php on line 64
2025-05-16 02:50:14 - Error: [2] Undefined variable $customer_id in C:\xampp\htdocs\glenncrm\pages\leads\add.php on line 64
2025-05-16 02:50:14 - Error: [2] Undefined variable $customer_id in C:\xampp\htdocs\glenncrm\pages\leads\add.php on line 64
2025-05-16 02:50:30 - Error: [2] Undefined variable $customer_id in C:\xampp\htdocs\glenncrm\pages\leads\add.php on line 64
2025-05-16 02:50:30 - Error: [2] Undefined variable $customer_id in C:\xampp\htdocs\glenncrm\pages\leads\add.php on line 64
2025-05-16 02:50:30 - Error: [2] Undefined variable $customer_id in C:\xampp\htdocs\glenncrm\pages\leads\add.php on line 64
2025-05-16 02:50:30 - Error: [2] Undefined variable $customer_id in C:\xampp\htdocs\glenncrm\pages\leads\add.php on line 64
2025-05-16 02:50:30 - Error: [2] Undefined variable $customer_id in C:\xampp\htdocs\glenncrm\pages\leads\add.php on line 64
2025-05-16 02:50:30 - Error: [2] Undefined variable $customer_id in C:\xampp\htdocs\glenncrm\pages\leads\add.php on line 64
2025-05-16 02:50:30 - Error: [2] Undefined variable $customer_id in C:\xampp\htdocs\glenncrm\pages\leads\add.php on line 64
2025-05-16 02:50:30 - Error: [2] Undefined variable $customer_id in C:\xampp\htdocs\glenncrm\pages\leads\add.php on line 64
2025-05-16 02:50:30 - Error: [2] Undefined variable $customer_id in C:\xampp\htdocs\glenncrm\pages\leads\add.php on line 64
2025-05-16 02:50:30 - Error: [2] Undefined variable $customer_id in C:\xampp\htdocs\glenncrm\pages\leads\add.php on line 64
2025-05-16 02:53:10 - Error: [2] include(leads/edit.php): Failed to open stream: No such file or directory in C:\xampp\htdocs\glenncrm\pages\leads.php on line 24
2025-05-16 02:53:10 - Error: [2] include(): Failed opening 'leads/edit.php' for inclusion (include_path='C:\xampp\php\PEAR') in C:\xampp\htdocs\glenncrm\pages\leads.php on line 24
2025-05-16 02:53:44 - Error: [2] Undefined variable $customer_id in C:\xampp\htdocs\glenncrm\pages\leads\add.php on line 64
2025-05-16 02:53:44 - Error: [2] Undefined variable $customer_id in C:\xampp\htdocs\glenncrm\pages\leads\add.php on line 64
2025-05-16 02:53:44 - Error: [2] Undefined variable $customer_id in C:\xampp\htdocs\glenncrm\pages\leads\add.php on line 64
2025-05-16 02:53:44 - Error: [2] Undefined variable $customer_id in C:\xampp\htdocs\glenncrm\pages\leads\add.php on line 64
2025-05-16 02:53:44 - Error: [2] Undefined variable $customer_id in C:\xampp\htdocs\glenncrm\pages\leads\add.php on line 64
2025-05-16 02:53:44 - Error: [2] Undefined variable $customer_id in C:\xampp\htdocs\glenncrm\pages\leads\add.php on line 64
2025-05-16 02:53:44 - Error: [2] Undefined variable $customer_id in C:\xampp\htdocs\glenncrm\pages\leads\add.php on line 64
2025-05-16 02:53:44 - Error: [2] Undefined variable $customer_id in C:\xampp\htdocs\glenncrm\pages\leads\add.php on line 64
2025-05-16 02:53:44 - Error: [2] Undefined variable $customer_id in C:\xampp\htdocs\glenncrm\pages\leads\add.php on line 64
2025-05-16 02:53:44 - Error: [2] Undefined variable $customer_id in C:\xampp\htdocs\glenncrm\pages\leads\add.php on line 64
2025-05-16 02:55:35 - Error: [2] Undefined variable $customer_id in C:\xampp\htdocs\glenncrm\pages\leads\add.php on line 64
2025-05-16 02:55:35 - Error: [2] Undefined variable $customer_id in C:\xampp\htdocs\glenncrm\pages\leads\add.php on line 64
2025-05-16 02:55:35 - Error: [2] Undefined variable $customer_id in C:\xampp\htdocs\glenncrm\pages\leads\add.php on line 64
2025-05-16 02:55:35 - Error: [2] Undefined variable $customer_id in C:\xampp\htdocs\glenncrm\pages\leads\add.php on line 64
2025-05-16 02:55:35 - Error: [2] Undefined variable $customer_id in C:\xampp\htdocs\glenncrm\pages\leads\add.php on line 64
2025-05-16 02:55:35 - Error: [2] Undefined variable $customer_id in C:\xampp\htdocs\glenncrm\pages\leads\add.php on line 64
2025-05-16 02:55:35 - Error: [2] Undefined variable $customer_id in C:\xampp\htdocs\glenncrm\pages\leads\add.php on line 64
2025-05-16 02:55:35 - Error: [2] Undefined variable $customer_id in C:\xampp\htdocs\glenncrm\pages\leads\add.php on line 64
2025-05-16 02:55:35 - Error: [2] Undefined variable $customer_id in C:\xampp\htdocs\glenncrm\pages\leads\add.php on line 64
2025-05-16 02:55:35 - Error: [2] Undefined variable $customer_id in C:\xampp\htdocs\glenncrm\pages\leads\add.php on line 64
2025-05-16 03:37:15 - Error: [2] include(leads/edit.php): Failed to open stream: No such file or directory in C:\xampp\htdocs\glenncrm\pages\leads.php on line 24
2025-05-16 03:37:16 - Error: [2] include(): Failed opening 'leads/edit.php' for inclusion (include_path='C:\xampp\php\PEAR') in C:\xampp\htdocs\glenncrm\pages\leads.php on line 24
2025-05-16 03:37:22 - Error: [2] include(leads/view.php): Failed to open stream: No such file or directory in C:\xampp\htdocs\glenncrm\pages\leads.php on line 14
2025-05-16 03:37:22 - Error: [2] include(): Failed opening 'leads/view.php' for inclusion (include_path='C:\xampp\php\PEAR') in C:\xampp\htdocs\glenncrm\pages\leads.php on line 14
2025-05-16 03:43:36 - Error: [2] include(leads/view.php): Failed to open stream: No such file or directory in C:\xampp\htdocs\glenncrm\pages\leads.php on line 14
2025-05-16 03:43:36 - Error: [2] include(): Failed opening 'leads/view.php' for inclusion (include_path='C:\xampp\php\PEAR') in C:\xampp\htdocs\glenncrm\pages\leads.php on line 14
2025-05-16 03:43:45 - Error: [2] include(leads/view.php): Failed to open stream: No such file or directory in C:\xampp\htdocs\glenncrm\pages\leads.php on line 14
2025-05-16 03:43:45 - Error: [2] include(): Failed opening 'leads/view.php' for inclusion (include_path='C:\xampp\php\PEAR') in C:\xampp\htdocs\glenncrm\pages\leads.php on line 14
2025-05-16 03:43:48 - Error: [2] include(leads/view.php): Failed to open stream: No such file or directory in C:\xampp\htdocs\glenncrm\pages\leads.php on line 14
2025-05-16 03:43:48 - Error: [2] include(): Failed opening 'leads/view.php' for inclusion (include_path='C:\xampp\php\PEAR') in C:\xampp\htdocs\glenncrm\pages\leads.php on line 14
2025-05-16 03:44:47 - Error: [2] include(leads/view.php): Failed to open stream: No such file or directory in C:\xampp\htdocs\glenncrm\pages\leads.php on line 14
2025-05-16 03:44:47 - Error: [2] include(): Failed opening 'leads/view.php' for inclusion (include_path='C:\xampp\php\PEAR') in C:\xampp\htdocs\glenncrm\pages\leads.php on line 14
2025-05-16 03:44:52 - Error: [2] include(leads/view.php): Failed to open stream: No such file or directory in C:\xampp\htdocs\glenncrm\pages\leads.php on line 14
2025-05-16 03:44:52 - Error: [2] include(): Failed opening 'leads/view.php' for inclusion (include_path='C:\xampp\php\PEAR') in C:\xampp\htdocs\glenncrm\pages\leads.php on line 14
2025-05-16 03:44:54 - Error: [2] include(leads/view.php): Failed to open stream: No such file or directory in C:\xampp\htdocs\glenncrm\pages\leads.php on line 14
2025-05-16 03:44:54 - Error: [2] include(): Failed opening 'leads/view.php' for inclusion (include_path='C:\xampp\php\PEAR') in C:\xampp\htdocs\glenncrm\pages\leads.php on line 14
2025-05-16 03:45:58 - Error: [2] include(leads/view.php): Failed to open stream: No such file or directory in C:\xampp\htdocs\glenncrm\pages\leads.php on line 14
2025-05-16 03:45:58 - Error: [2] include(): Failed opening 'leads/view.php' for inclusion (include_path='C:\xampp\php\PEAR') in C:\xampp\htdocs\glenncrm\pages\leads.php on line 14
2025-05-16 03:46:05 - Error: [2] include(leads/view.php): Failed to open stream: No such file or directory in C:\xampp\htdocs\glenncrm\pages\leads.php on line 14
2025-05-16 03:46:05 - Error: [2] include(): Failed opening 'leads/view.php' for inclusion (include_path='C:\xampp\php\PEAR') in C:\xampp\htdocs\glenncrm\pages\leads.php on line 14
2025-05-16 03:52:05 - Error: [2] include(leads/edit.php): Failed to open stream: No such file or directory in C:\xampp\htdocs\glenncrm\pages\leads.php on line 33
2025-05-16 03:52:05 - Error: [2] include(): Failed opening 'leads/edit.php' for inclusion (include_path='C:\xampp\php\PEAR') in C:\xampp\htdocs\glenncrm\pages\leads.php on line 33
2025-05-16 03:55:43 - Error: [2] include(leads/edit.php): Failed to open stream: No such file or directory in C:\xampp\htdocs\glenncrm\pages\leads.php on line 24
2025-05-16 03:55:43 - Error: [2] include(): Failed opening 'leads/edit.php' for inclusion (include_path='C:\xampp\php\PEAR') in C:\xampp\htdocs\glenncrm\pages\leads.php on line 24
